<?xml version="1.0" encoding="UTF-8"?>
<testng-results ignored="0" total="1" passed="0" failed="1" skipped="0">
  <reporter-output>
  </reporter-output>
  <suite started-at="2026-01-29T18:37:34 IST" name="Default suite" finished-at="2026-01-29T18:37:51 IST" duration-ms="16834">
    <groups>
    </groups>
    <test started-at="2026-01-29T18:37:34 IST" name="Default test" finished-at="2026-01-29T18:37:51 IST" duration-ms="16834">
      <class name="org.autoamtion.modulerFramework.TC_BuyAProduct_003_Test">
        <test-method is-config="true" signature="browserSetUp()[pri:0, instance:org.autoamtion.modulerFramework.TC_BuyAProduct_003_Test@7bedc48a]" started-at="2026-01-29T18:37:34 IST" name="browserSetUp" finished-at="2026-01-29T18:37:41 IST" duration-ms="6710" status="PASS">
          <reporter-output>
          </reporter-output>
        </test-method> <!-- browserSetUp -->
        <test-method is-config="true" signature="login()[pri:0, instance:org.autoamtion.modulerFramework.TC_BuyAProduct_003_Test@7bedc48a]" started-at="2026-01-29T18:37:41 IST" name="login" finished-at="2026-01-29T18:37:42 IST" duration-ms="727" status="PASS">
          <reporter-output>
          </reporter-output>
        </test-method> <!-- login -->
        <test-method signature="buyProduct()[pri:0, instance:org.autoamtion.modulerFramework.TC_BuyAProduct_003_Test@7bedc48a]" started-at="2026-01-29T18:37:42 IST" name="buyProduct" finished-at="2026-01-29T18:37:49 IST" duration-ms="7389" status="FAIL">
          <exception class="org.openqa.selenium.ElementNotInteractableException">
            <message>
              <![CDATA[element not interactable: Element is not currently visible and may not be manipulated
  (Session info: chrome=143.0.7499.193)
Build info: version: '4.16.0', revision: '15400459dd*'
System info: os.name: 'Windows 11', os.arch: 'amd64', os.version: '10.0', java.version: '21.0.5'
Driver info: org.openqa.selenium.chrome.ChromeDriver
Command: [86f2f69c2425dc424ae98186f9371658, clickElement {id=f.10CEA60CDB5E4D755518509D6915C43B.d.555B85E579E952BFF7D5C1ED12E1245B.e.138}]
Capabilities {acceptInsecureCerts: false, browserName: chrome, browserVersion: 143.0.7499.193, chrome: {chromedriverVersion: 143.0.7499.192 (be2c1f4fd45..., userDataDir: C:\Users\Aman\AppData\Local...}, fedcm:accounts: true, goog:chromeOptions: {debuggerAddress: localhost:65463}, goog:processID: 14036, networkConnectionEnabled: false, pageLoadStrategy: normal, platformName: windows, proxy: Proxy(), se:cdp: ws://localhost:65463/devtoo..., se:cdpVersion: 143.0.7499.193, setWindowRect: true, strictFileInteractability: false, timeouts: {implicit: 0, pageLoad: 300000, script: 30000}, unhandledPromptBehavior: dismiss and notify, webauthn:extension:credBlob: true, webauthn:extension:largeBlob: true, webauthn:extension:minPinLength: true, webauthn:extension:prf: true, webauthn:virtualAuthenticators: true}
Element: [[[[ChromeDriver: chrome on windows (86f2f69c2425dc424ae98186f9371658)] -> id: BillingNewAddress_CountryId]] -> xpath: .//option[normalize-space(.) = "India"]]
Session ID: 86f2f69c2425dc424ae98186f9371658]]>
            </message>
            <full-stacktrace>
              <![CDATA[org.openqa.selenium.ElementNotInteractableException: element not interactable: Element is not currently visible and may not be manipulated
  (Session info: chrome=143.0.7499.193)
Build info: version: '4.16.0', revision: '15400459dd*'
System info: os.name: 'Windows 11', os.arch: 'amd64', os.version: '10.0', java.version: '21.0.5'
Driver info: org.openqa.selenium.chrome.ChromeDriver
Command: [86f2f69c2425dc424ae98186f9371658, clickElement {id=f.10CEA60CDB5E4D755518509D6915C43B.d.555B85E579E952BFF7D5C1ED12E1245B.e.138}]
Capabilities {acceptInsecureCerts: false, browserName: chrome, browserVersion: 143.0.7499.193, chrome: {chromedriverVersion: 143.0.7499.192 (be2c1f4fd45..., userDataDir: C:\Users\Aman\AppData\Local...}, fedcm:accounts: true, goog:chromeOptions: {debuggerAddress: localhost:65463}, goog:processID: 14036, networkConnectionEnabled: false, pageLoadStrategy: normal, platformName: windows, proxy: Proxy(), se:cdp: ws://localhost:65463/devtoo..., se:cdpVersion: 143.0.7499.193, setWindowRect: true, strictFileInteractability: false, timeouts: {implicit: 0, pageLoad: 300000, script: 30000}, unhandledPromptBehavior: dismiss and notify, webauthn:extension:credBlob: true, webauthn:extension:largeBlob: true, webauthn:extension:minPinLength: true, webauthn:extension:prf: true, webauthn:virtualAuthenticators: true}
Element: [[[[ChromeDriver: chrome on windows (86f2f69c2425dc424ae98186f9371658)] -> id: BillingNewAddress_CountryId]] -> xpath: .//option[normalize-space(.) = "India"]]
Session ID: 86f2f69c2425dc424ae98186f9371658
at java.base/jdk.internal.reflect.DirectConstructorHandleAccessor.newInstance(DirectConstructorHandleAccessor.java:62)
at java.base/java.lang.reflect.Constructor.newInstanceWithCaller(Constructor.java:502)
at java.base/java.lang.reflect.Constructor.newInstance(Constructor.java:486)
at org.openqa.selenium.remote.codec.w3c.W3CHttpResponseCodec.createException(W3CHttpResponseCodec.java:200)
at org.openqa.selenium.remote.codec.w3c.W3CHttpResponseCodec.decode(W3CHttpResponseCodec.java:133)
at org.openqa.selenium.remote.codec.w3c.W3CHttpResponseCodec.decode(W3CHttpResponseCodec.java:52)
at org.openqa.selenium.remote.HttpCommandExecutor.execute(HttpCommandExecutor.java:191)
at org.openqa.selenium.remote.service.DriverCommandExecutor.invokeExecute(DriverCommandExecutor.java:200)
at org.openqa.selenium.remote.service.DriverCommandExecutor.execute(DriverCommandExecutor.java:175)
at org.openqa.selenium.remote.RemoteWebDriver.execute(RemoteWebDriver.java:523)
at org.openqa.selenium.remote.RemoteWebElement.execute(RemoteWebElement.java:224)
at org.openqa.selenium.remote.RemoteWebElement.click(RemoteWebElement.java:77)
at org.openqa.selenium.support.ui.Select.setSelected(Select.java:315)
at org.openqa.selenium.support.ui.Select.selectByVisibleText(Select.java:119)
at org.autoamtion.modulerFramework.SelectUtility.selectByVisibleTextMehod(SelectUtility.java:10)
at org.autoamtion.modulerFramework.CheckOutPage.buyProduct(CheckOutPage.java:127)
at org.autoamtion.modulerFramework.TC_BuyAProduct_003_Test.buyProduct(TC_BuyAProduct_003_Test.java:40)
at java.base/jdk.internal.reflect.DirectMethodHandleAccessor.invoke(DirectMethodHandleAccessor.java:103)
at java.base/java.lang.reflect.Method.invoke(Method.java:580)
at org.testng.internal.invokers.MethodInvocationHelper.invokeMethod(MethodInvocationHelper.java:141)
at org.testng.internal.invokers.TestInvoker.invokeMethod(TestInvoker.java:687)
at org.testng.internal.invokers.TestInvoker.invokeTestMethod(TestInvoker.java:230)
at org.testng.internal.invokers.MethodRunner.runInSequence(MethodRunner.java:63)
at org.testng.internal.invokers.TestInvoker$MethodInvocationAgent.invoke(TestInvoker.java:995)
at org.testng.internal.invokers.TestInvoker.invokeTestMethods(TestInvoker.java:203)
at org.testng.internal.invokers.TestMethodWorker.invokeTestMethods(TestMethodWorker.java:154)
at org.testng.internal.invokers.TestMethodWorker.run(TestMethodWorker.java:134)
at java.base/java.util.ArrayList.forEach(ArrayList.java:1596)
at org.testng.TestRunner.privateRun(TestRunner.java:741)
at org.testng.TestRunner.run(TestRunner.java:616)
at org.testng.SuiteRunner.runTest(SuiteRunner.java:421)
at org.testng.SuiteRunner.runSequentially(SuiteRunner.java:413)
at org.testng.SuiteRunner.privateRun(SuiteRunner.java:373)
at org.testng.SuiteRunner.run(SuiteRunner.java:312)
at org.testng.SuiteRunnerWorker.runSuite(SuiteRunnerWorker.java:52)
at org.testng.SuiteRunnerWorker.run(SuiteRunnerWorker.java:95)
at org.testng.TestNG.runSuitesSequentially(TestNG.java:1274)
at org.testng.TestNG.runSuitesLocally(TestNG.java:1208)
at org.testng.TestNG.runSuites(TestNG.java:1112)
at org.testng.TestNG.run(TestNG.java:1079)
at org.testng.remote.AbstractRemoteTestNG.run(AbstractRemoteTestNG.java:115)
at org.testng.remote.RemoteTestNG.initAndRun(RemoteTestNG.java:293)
at org.testng.remote.RemoteTestNG.main(RemoteTestNG.java:91)
]]>
            </full-stacktrace>
          </exception> <!-- org.openqa.selenium.ElementNotInteractableException -->
          <reporter-output>
          </reporter-output>
        </test-method> <!-- buyProduct -->
        <test-method is-config="true" signature="logout()[pri:0, instance:org.autoamtion.modulerFramework.TC_BuyAProduct_003_Test@7bedc48a]" started-at="2026-01-29T18:37:49 IST" name="logout" finished-at="2026-01-29T18:37:51 IST" duration-ms="1820" status="PASS">
          <reporter-output>
          </reporter-output>
        </test-method> <!-- logout -->
        <test-method is-config="true" signature="tearDown()[pri:0, instance:org.autoamtion.modulerFramework.TC_BuyAProduct_003_Test@7bedc48a]" started-at="2026-01-29T18:37:51 IST" name="tearDown" finished-at="2026-01-29T18:37:51 IST" duration-ms="141" status="PASS">
          <reporter-output>
          </reporter-output>
        </test-method> <!-- tearDown -->
      </class> <!-- org.autoamtion.modulerFramework.TC_BuyAProduct_003_Test -->
    </test> <!-- Default test -->
  </suite> <!-- Default suite -->
</testng-results>
