<?xml version="1.0" encoding="UTF-8"?>
<!-- Generated by org.testng.reporters.JUnitReportReporter -->
<testsuite hostname="Rohit" failures="0" tests="3" name="org.autoamtion.dataProvider.DataProvider1" time="31.479" errors="0" timestamp="2026-01-16T11:33:34 IST" skipped="0">
  <testcase classname="org.autoamtion.dataProvider.DataProvider1" name="login" time="10.301"/>
  <testcase classname="org.autoamtion.dataProvider.DataProvider1" name="login" time="10.694"/>
  <testcase classname="org.autoamtion.dataProvider.DataProvider1" name="login" time="10.484"/>
</testsuite> <!-- org.autoamtion.dataProvider.DataProvider1 -->
