<?xml version="1.0" encoding="UTF-8"?>
<!-- Generated by org.testng.reporters.JUnitReportReporter -->
<testsuite hostname="Rohit" failures="0" tests="1" name="org.automation.groupExecution.Yash" time="3.315" errors="0" timestamp="2026-01-09T11:13:40 IST" skipped="0">
  <testcase classname="org.automation.groupExecution.Yash" name="lunchYash" time="3.315">
    <system-out>
      <![CDATA[yash page lunching]]>
    </system-out>
  </testcase> <!-- lunchYash -->
  <system-out>
    <![CDATA[Prabhas page lunching
Sudeepa page lunching
yash page lunching
Rajnikanth
Vijay page lunching
Ram Charan page lunching
Allu Arjun page lunching
JR. NTR page lunching]]>
  </system-out>
</testsuite> <!-- org.automation.groupExecution.Yash -->
