<?xml version="1.0" encoding="UTF-8"?>
<!-- Generated by org.testng.reporters.JUnitReportReporter -->
<testsuite hostname="Rohit" failures="0" tests="2" name="org.autoamtion.modulerFramework.TC_RemoveFromCart_002_Test" time="7.979" errors="0" timestamp="2026-01-21T11:00:11 IST" skipped="0">
  <testcase classname="org.autoamtion.modulerFramework.TC_RemoveFromCart_002_Test" name="addToCart" time="3.860"/>
  <testcase classname="org.autoamtion.modulerFramework.TC_RemoveFromCart_002_Test" name="removeFromCart" time="4.119"/>
</testsuite> <!-- org.autoamtion.modulerFramework.TC_RemoveFromCart_002_Test -->
