<?xml version="1.0" encoding="UTF-8"?>
<!-- Generated by org.testng.reporters.JUnitReportReporter -->
<testsuite hostname="Rohit" failures="0" tests="2" name="org.automation.batchExecution.Samsung" time="17.791" errors="0" timestamp="2026-01-08T19:31:30 IST" skipped="0">
  <testcase classname="org.automation.batchExecution.Samsung" name="lunchingS24Ultra" time="8.856"/>
  <testcase classname="org.automation.batchExecution.Samsung" name="lunchingS23" time="8.935"/>
  <system-out>
    <![CDATA[TestNG method 1]]>
  </system-out>
</testsuite> <!-- org.automation.batchExecution.Samsung -->
