<?xml version="1.0" encoding="UTF-8"?>
<!-- Generated by org.testng.reporters.JUnitReportReporter -->
<testsuite hostname="Rohit" failures="0" tests="3" name="org.autoamtion.dataProvider.DataProvider2" time="32.742" errors="0" timestamp="2026-01-17T11:33:47 IST" skipped="0">
  <testcase classname="org.autoamtion.dataProvider.DataProvider2" name="invalidLogin" time="9.315"/>
  <testcase classname="org.autoamtion.dataProvider.DataProvider2" name="invalidLogin" time="9.621"/>
  <testcase classname="org.autoamtion.dataProvider.DataProvider2" name="invalidLogin" time="13.806"/>
</testsuite> <!-- org.autoamtion.dataProvider.DataProvider2 -->
