<?xml version="1.0" encoding="UTF-8"?>
<!-- Generated by org.testng.reporters.JUnitReportReporter -->
<testsuite hostname="Rohit" failures="0" tests="3" name="org.automation.testNGAnnotations.ConfigurationAnnotations" time="0.021" errors="0" timestamp="2026-01-12T11:48:12 IST" skipped="0">
  <testcase classname="org.automation.testNGAnnotations.ConfigurationAnnotations" name="testcase2" time="0.005">
    <system-out>
      <![CDATA[This is @Test method 2]]>
    </system-out>
  </testcase> <!-- testcase2 -->
  <testcase classname="org.automation.testNGAnnotations.ConfigurationAnnotations" name="testcase1" time="0.010">
    <system-out>
      <![CDATA[This is @Test method 1]]>
    </system-out>
  </testcase> <!-- testcase1 -->
  <testcase classname="org.automation.testNGAnnotations.ConfigurationAnnotations" name="testcase3" time="0.006">
    <system-out>
      <![CDATA[This is @Test method 3]]>
    </system-out>
  </testcase> <!-- testcase3 -->
  <system-out>
    <![CDATA[This is @BeforeSuite  method
This is @BeforeTest method
This is @BeforeClass  method
This is @BeforeMethod  method
This is @Test method 1
This is @AfterMethod  method
This is @BeforeMethod  method
This is @Test method 2
This is @AfterMethod  method
This is @BeforeMethod  method
This is @Test method 3
This is @AfterMethod  method
This is @AfterClass  method
This is @AfterTest method
This is @AfterSuite  method]]>
  </system-out>
</testsuite> <!-- org.automation.testNGAnnotations.ConfigurationAnnotations -->
