<?xml version="1.0" encoding="UTF-8"?>
<!-- Generated by org.testng.reporters.JUnitReportReporter -->
<testsuite hostname="Rohit" failures="0" tests="1" name="org.automation.batchExecution.Motorola" time="8.590" errors="0" timestamp="2026-01-08T19:31:30 IST" skipped="0">
  <testcase classname="org.automation.batchExecution.Motorola" name="lunchingEdge40" time="8.590">
    <system-out>
      <![CDATA[TestNG method 1]]>
    </system-out>
  </testcase> <!-- lunchingEdge40 -->
  <system-out>
    <![CDATA[TestNG method 1]]>
  </system-out>
</testsuite> <!-- org.automation.batchExecution.Motorola -->
