<?xml version="1.0" encoding="UTF-8"?>
<!-- Generated by org.testng.reporters.JUnitReportReporter -->
<testsuite hostname="Rohit" failures="0" tests="1" name="org.automation.groupExecution.RamCharan" time="2.568" errors="0" timestamp="2026-01-09T11:14:30 IST" skipped="0">
  <testcase classname="org.automation.groupExecution.RamCharan" name="lunchRamCharan" time="2.568">
    <system-out>
      <![CDATA[Ram Charan page lunching]]>
    </system-out>
  </testcase> <!-- lunchRamCharan -->
  <system-out>
    <![CDATA[Prabhas page lunching
Sudeepa page lunching
Rajnikanth
Vijay page lunching
Ram Charan page lunching
Allu Arjun page lunching
JR. NTR page lunching]]>
  </system-out>
</testsuite> <!-- org.automation.groupExecution.RamCharan -->
