<?xml version="1.0" encoding="UTF-8"?>
<!-- Generated by org.testng.reporters.JUnitReportReporter -->
<testsuite hostname="Rohit" failures="0" tests="1" name="org.automation.groupExecution.Vijay" time="2.902" errors="0" timestamp="2026-01-09T11:14:30 IST" skipped="0">
  <testcase classname="org.automation.groupExecution.Vijay" name="lunchVijay" time="2.902">
    <system-out>
      <![CDATA[Vijay page lunching]]>
    </system-out>
  </testcase> <!-- lunchVijay -->
  <system-out>
    <![CDATA[Prabhas page lunching
Sudeepa page lunching
Rajnikanth
Vijay page lunching
Ram Charan page lunching
Allu Arjun page lunching
JR. NTR page lunching]]>
  </system-out>
</testsuite> <!-- org.automation.groupExecution.Vijay -->
