<?xml version="1.0" encoding="UTF-8"?>
<!-- Generated by org.testng.reporters.JUnitReportReporter -->
<testsuite hostname="Rohit" failures="0" tests="1" name="org.automation.groupExecution.Prabhas" time="3.855" errors="0" timestamp="2026-01-09T11:14:30 IST" skipped="0">
  <testcase classname="org.automation.groupExecution.Prabhas" name="lunchPrabhas" time="3.855">
    <system-out>
      <![CDATA[Prabhas page lunching]]>
    </system-out>
  </testcase> <!-- lunchPrabhas -->
  <system-out>
    <![CDATA[Prabhas page lunching
Sudeepa page lunching
Rajnikanth
Vijay page lunching
Ram Charan page lunching
Allu Arjun page lunching
JR. NTR page lunching]]>
  </system-out>
</testsuite> <!-- org.automation.groupExecution.Prabhas -->
