<?xml version="1.0" encoding="UTF-8"?>
<!-- Generated by org.testng.reporters.JUnitReportReporter -->
<testsuite hostname="Rohit" failures="0" tests="1" name="org.autoamtion.modulerFramework.TC_RemoveProductFromCart_002_Test" time="16.934" errors="0" timestamp="2026-01-21T12:10:16 IST" skipped="0">
  <testcase classname="org.autoamtion.modulerFramework.TC_RemoveProductFromCart_002_Test" name="removeProductFromCart" time="16.934">
    <system-out>
      <![CDATA[Product is removed from cart !!]]>
    </system-out>
  </testcase> <!-- removeProductFromCart -->
  <system-out>
    <![CDATA[Product is removed from cart !!]]>
  </system-out>
</testsuite> <!-- org.autoamtion.modulerFramework.TC_RemoveProductFromCart_002_Test -->
