<?xml version="1.0" encoding="UTF-8"?>
<!-- Generated by org.testng.reporters.JUnitReportReporter -->
<testsuite hostname="Rohit" failures="0" tests="2" name="org.automation.testNGLearning.PriorityOnTC" time="24.740" errors="0" timestamp="2026-01-07T19:12:59 IST" skipped="0">
  <testcase classname="org.automation.testNGLearning.PriorityOnTC" name="registerTC" time="16.474"/>
  <testcase classname="org.automation.testNGLearning.PriorityOnTC" name="loginTC" time="8.266"/>
</testsuite> <!-- org.automation.testNGLearning.PriorityOnTC -->
