<?xml version="1.0" encoding="UTF-8"?>
<!-- Generated by org.testng.reporters.JUnitReportReporter -->
<testsuite hostname="Rohit" failures="0" tests="1" name="org.automation.javascriptcodes.PerformingScrollingUsingScrollIntoView" time="7.099" errors="0" timestamp="2025-12-29T11:12:49 IST" skipped="0">
  <testcase classname="org.automation.javascriptcodes.PerformingScrollingUsingScrollIntoView" name="lunchBrowser" time="7.099"/>
</testsuite> <!-- org.automation.javascriptcodes.PerformingScrollingUsingScrollIntoView -->
