<?xml version="1.0" encoding="UTF-8"?>
<testng-results ignored="0" total="2" passed="2" failed="0" skipped="0">
  <reporter-output>
    <line>
      <![CDATA[<test>Test has Started ]]>
    </line>
    <line>
      <![CDATA[[Test Case addToCart has Started ]]]>
    </line>
    <line>
      <![CDATA[[Test Case addToCart has successfully executed ]]]>
    </line>
    <line>
      <![CDATA[[Test Case removeProductFromCart has Started ]]]>
    </line>
    <line>
      <![CDATA[Product is removed from cart !!]]>
    </line>
    <line>
      <![CDATA[[Test Case removeProductFromCart has successfully executed ]]]>
    </line>
  </reporter-output>
  <suite started-at="2026-02-03T19:27:22 IST" name="Suite" finished-at="2026-02-03T19:28:16 IST" duration-ms="54317">
    <groups>
    </groups>
    <test started-at="2026-02-03T19:27:22 IST" name="Test" finished-at="2026-02-03T19:28:16 IST" duration-ms="54317">
      <class name="org.testPackage.TC_RemoveProductFromCart_002_Test">
        <test-method is-config="true" signature="browserSetUp()[pri:0, instance:org.testPackage.TC_RemoveProductFromCart_002_Test@7c6908d7]" started-at="2026-02-03T19:27:55 IST" name="browserSetUp" finished-at="2026-02-03T19:27:59 IST" duration-ms="4798" status="PASS">
          <reporter-output>
          </reporter-output>
        </test-method> <!-- browserSetUp -->
        <test-method is-config="true" signature="login()[pri:0, instance:org.testPackage.TC_RemoveProductFromCart_002_Test@7c6908d7]" started-at="2026-02-03T19:27:59 IST" name="login" finished-at="2026-02-03T19:28:01 IST" duration-ms="1709" status="PASS">
          <reporter-output>
          </reporter-output>
        </test-method> <!-- login -->
        <test-method signature="removeProductFromCart()[pri:0, instance:org.testPackage.TC_RemoveProductFromCart_002_Test@7c6908d7]" started-at="2026-02-03T19:28:01 IST" name="removeProductFromCart" finished-at="2026-02-03T19:28:15 IST" duration-ms="13785" status="PASS">
          <reporter-output>
            <line>
              <![CDATA[[Test Case removeProductFromCart has Started ]]]>
            </line>
            <line>
              <![CDATA[Product is removed from cart !!]]>
            </line>
            <line>
              <![CDATA[[Test Case removeProductFromCart has successfully executed ]]]>
            </line>
          </reporter-output>
        </test-method> <!-- removeProductFromCart -->
        <test-method is-config="true" signature="logout()[pri:0, instance:org.testPackage.TC_RemoveProductFromCart_002_Test@7c6908d7]" started-at="2026-02-03T19:28:15 IST" name="logout" finished-at="2026-02-03T19:28:16 IST" duration-ms="1009" status="PASS">
          <reporter-output>
          </reporter-output>
        </test-method> <!-- logout -->
        <test-method is-config="true" signature="tearDown()[pri:0, instance:org.testPackage.TC_RemoveProductFromCart_002_Test@7c6908d7]" started-at="2026-02-03T19:28:16 IST" name="tearDown" finished-at="2026-02-03T19:28:16 IST" duration-ms="191" status="PASS">
          <reporter-output>
          </reporter-output>
        </test-method> <!-- tearDown -->
      </class> <!-- org.testPackage.TC_RemoveProductFromCart_002_Test -->
      <class name="org.testPackage.TC_AddToCart_001_Test">
        <test-method is-config="true" signature="browserSetUp()[pri:0, instance:org.testPackage.TC_AddToCart_001_Test@6ed3ccb2]" started-at="2026-02-03T19:27:22 IST" name="browserSetUp" finished-at="2026-02-03T19:27:50 IST" duration-ms="27742" status="PASS">
          <reporter-output>
          </reporter-output>
        </test-method> <!-- browserSetUp -->
        <test-method is-config="true" signature="login()[pri:0, instance:org.testPackage.TC_AddToCart_001_Test@6ed3ccb2]" started-at="2026-02-03T19:27:50 IST" name="login" finished-at="2026-02-03T19:27:52 IST" duration-ms="1974" status="PASS">
          <reporter-output>
          </reporter-output>
        </test-method> <!-- login -->
        <test-method signature="addToCart()[pri:0, instance:org.testPackage.TC_AddToCart_001_Test@6ed3ccb2]" started-at="2026-02-03T19:27:52 IST" name="addToCart" finished-at="2026-02-03T19:27:54 IST" duration-ms="1970" status="PASS">
          <reporter-output>
            <line>
              <![CDATA[[Test Case addToCart has Started ]]]>
            </line>
            <line>
              <![CDATA[[Test Case addToCart has successfully executed ]]]>
            </line>
          </reporter-output>
        </test-method> <!-- addToCart -->
        <test-method is-config="true" signature="logout()[pri:0, instance:org.testPackage.TC_AddToCart_001_Test@6ed3ccb2]" started-at="2026-02-03T19:27:54 IST" name="logout" finished-at="2026-02-03T19:27:54 IST" duration-ms="950" status="PASS">
          <reporter-output>
          </reporter-output>
        </test-method> <!-- logout -->
        <test-method is-config="true" signature="tearDown()[pri:0, instance:org.testPackage.TC_AddToCart_001_Test@6ed3ccb2]" started-at="2026-02-03T19:27:54 IST" name="tearDown" finished-at="2026-02-03T19:27:55 IST" duration-ms="148" status="PASS">
          <reporter-output>
          </reporter-output>
        </test-method> <!-- tearDown -->
      </class> <!-- org.testPackage.TC_AddToCart_001_Test -->
    </test> <!-- Test -->
  </suite> <!-- Suite -->
</testng-results>
