<?xml version="1.0" encoding="UTF-8"?>
<!-- Generated by org.testng.reporters.JUnitXMLReporter -->
<testsuite ignored="0" hostname="Rohit" failures="0" tests="4" name="Test1" time="16.402" errors="0" timestamp="2026-01-08T11:50:17 IST">
  <testcase classname="org.automation.parallelExecution.Rohit" name="lunchWiki" time="5.4"/>
  <testcase classname="org.automation.parallelExecution.Hardik" name="lunchWiki" time="3.429"/>
  <testcase classname="org.automation.parallelExecution.Dhoni" name="lunchWiki" time="3.481"/>
  <testcase classname="org.automation.parallelExecution.SuryaKumar" name="lunchWiki" time="3.983"/>
</testsuite> <!-- Test1 -->
