<?xml version="1.0" encoding="UTF-8"?>
<!-- Generated by org.testng.reporters.JUnitXMLReporter -->
<testsuite ignored="0" hostname="Rohit" failures="0" tests="4" name="Test2" time="16.815" errors="0" timestamp="2026-01-08T11:50:17 IST">
  <testcase classname="org.automation.parallelExecution.Ishan" name="lunchWiki" time="4.478"/>
  <testcase classname="org.automation.parallelExecution.Jadeja" name="lunchWiki" time="3.927"/>
  <testcase classname="org.automation.parallelExecution.KLRahul" name="lunchWiki" time="3.653"/>
  <testcase classname="org.automation.parallelExecution.Virat" name="lunchWiki" time="4.649"/>
</testsuite> <!-- Test2 -->
