<?xml version="1.0" encoding="UTF-8"?>
<!-- Generated by org.testng.reporters.JUnitReportReporter -->
<testsuite hostname="Rohit" failures="0" tests="1" name="org.testPackage.TC_RemoveProductFromCart_002_Test" time="16.503" errors="0" timestamp="2026-02-03T19:28:16 IST" skipped="0">
  <testcase classname="org.testPackage.TC_RemoveProductFromCart_002_Test" name="removeProductFromCart" time="16.503">
    <system-out>
      <![CDATA[[Test Case removeProductFromCart has Started ]
Product is removed from cart !!
[Test Case removeProductFromCart has successfully executed ]]]>
    </system-out>
  </testcase> <!-- removeProductFromCart -->
  <system-out>
    <![CDATA[<test>Test has Started 
[Test Case addToCart has Started ]
[Test Case addToCart has successfully executed ]
[Test Case removeProductFromCart has Started ]
Product is removed from cart !!
[Test Case removeProductFromCart has successfully executed ]]]>
  </system-out>
</testsuite> <!-- org.testPackage.TC_RemoveProductFromCart_002_Test -->
